<?xml version="1.0" encoding="UTF-8"?><testrun name="Transport4Future.TokenManagement (2)" project="fa2" tests="244" started="244" failures="0" errors="0" ignored="0">
  <testsuite name="Transport4Future.TokenManagement.TokenRequestGenerationTest" time="0.51" displayname="TokenRequestGenerationTest" uniqueid="[engine:junit-jupiter]/[class:Transport4Future.TokenManagement.TokenRequestGenerationTest]">
    <testsuite name="ValidTestCases(Transport4Future.TokenManagement.TokenRequestGenerationTest)" time="0.397" displayname="Valid Test Cases" parameters="java.lang.String,java.lang.String" uniqueid="[engine:junit-jupiter]/[class:Transport4Future.TokenManagement.TokenRequestGenerationTest]/[test-template:ValidTestCases(java.lang.String, java.lang.String)]">
      <testcase name="ValidTestCases" classname="Transport4Future.TokenManagement.TokenRequestGenerationTest" time="0.397" dynamicTest="true" displayname="1 - {2}" parameters="java.lang.String,java.lang.String" uniqueid="[engine:junit-jupiter]/[class:Transport4Future.TokenManagement.TokenRequestGenerationTest]/[test-template:ValidTestCases(java.lang.String, java.lang.String)]/[test-template-invocation:#1]"/>
      <testcase name="ValidTestCases" classname="Transport4Future.TokenManagement.TokenRequestGenerationTest" time="0.105" dynamicTest="true" displayname="2 - {2}" parameters="java.lang.String,java.lang.String" uniqueid="[engine:junit-jupiter]/[class:Transport4Future.TokenManagement.TokenRequestGenerationTest]/[test-template:ValidTestCases(java.lang.String, java.lang.String)]/[test-template-invocation:#2]"/>
    </testsuite>
    <testsuite name="InvalidTestCases(Transport4Future.TokenManagement.TokenRequestGenerationTest)" time="0.008" displayname="Invalid Test Cases" parameters="java.lang.String,java.lang.String" uniqueid="[engine:junit-jupiter]/[class:Transport4Future.TokenManagement.TokenRequestGenerationTest]/[test-template:InvalidTestCases(java.lang.String, java.lang.String)]">
      <testcase name="InvalidTestCases" classname="Transport4Future.TokenManagement.TokenRequestGenerationTest" time="0.008" dynamicTest="true" displayname="1 - {2}" parameters="java.lang.String,java.lang.String" uniqueid="[engine:junit-jupiter]/[class:Transport4Future.TokenManagement.TokenRequestGenerationTest]/[test-template:InvalidTestCases(java.lang.String, java.lang.String)]/[test-template-invocation:#1]"/>
      <testcase name="InvalidTestCases" classname="Transport4Future.TokenManagement.TokenRequestGenerationTest" time="0.005" dynamicTest="true" displayname="2 - {2}" parameters="java.lang.String,java.lang.String" uniqueid="[engine:junit-jupiter]/[class:Transport4Future.TokenManagement.TokenRequestGenerationTest]/[test-template:InvalidTestCases(java.lang.String, java.lang.String)]/[test-template-invocation:#2]"/>
      <testcase name="InvalidTestCases" classname="Transport4Future.TokenManagement.TokenRequestGenerationTest" time="0.005" dynamicTest="true" displayname="3 - {2}" parameters="java.lang.String,java.lang.String" uniqueid="[engine:junit-jupiter]/[class:Transport4Future.TokenManagement.TokenRequestGenerationTest]/[test-template:InvalidTestCases(java.lang.String, java.lang.String)]/[test-template-invocation:#3]"/>
      <testcase name="InvalidTestCases" classname="Transport4Future.TokenManagement.TokenRequestGenerationTest" time="0.004" dynamicTest="true" displayname="4 - {2}" parameters="java.lang.String,java.lang.String" uniqueid="[engine:junit-jupiter]/[class:Transport4Future.TokenManagement.TokenRequestGenerationTest]/[test-template:InvalidTestCases(java.lang.String, java.lang.String)]/[test-template-invocation:#4]"/>
      <testcase name="InvalidTestCases" classname="Transport4Future.TokenManagement.TokenRequestGenerationTest" time="0.004" dynamicTest="true" displayname="5 - {2}" parameters="java.lang.String,java.lang.String" uniqueid="[engine:junit-jupiter]/[class:Transport4Future.TokenManagement.TokenRequestGenerationTest]/[test-template:InvalidTestCases(java.lang.String, java.lang.String)]/[test-template-invocation:#5]"/>
      <testcase name="InvalidTestCases" classname="Transport4Future.TokenManagement.TokenRequestGenerationTest" time="0.004" dynamicTest="true" displayname="6 - {2}" parameters="java.lang.String,java.lang.String" uniqueid="[engine:junit-jupiter]/[class:Transport4Future.TokenManagement.TokenRequestGenerationTest]/[test-template:InvalidTestCases(java.lang.String, java.lang.String)]/[test-template-invocation:#6]"/>
      <testcase name="InvalidTestCases" classname="Transport4Future.TokenManagement.TokenRequestGenerationTest" time="0.003" dynamicTest="true" displayname="7 - {2}" parameters="java.lang.String,java.lang.String" uniqueid="[engine:junit-jupiter]/[class:Transport4Future.TokenManagement.TokenRequestGenerationTest]/[test-template:InvalidTestCases(java.lang.String, java.lang.String)]/[test-template-invocation:#7]"/>
      <testcase name="InvalidTestCases" classname="Transport4Future.TokenManagement.TokenRequestGenerationTest" time="0.005" dynamicTest="true" displayname="8 - {2}" parameters="java.lang.String,java.lang.String" uniqueid="[engine:junit-jupiter]/[class:Transport4Future.TokenManagement.TokenRequestGenerationTest]/[test-template:InvalidTestCases(java.lang.String, java.lang.String)]/[test-template-invocation:#8]"/>
      <testcase name="InvalidTestCases" classname="Transport4Future.TokenManagement.TokenRequestGenerationTest" time="0.007" dynamicTest="true" displayname="9 - {2}" parameters="java.lang.String,java.lang.String" uniqueid="[engine:junit-jupiter]/[class:Transport4Future.TokenManagement.TokenRequestGenerationTest]/[test-template:InvalidTestCases(java.lang.String, java.lang.String)]/[test-template-invocation:#9]"/>
      <testcase name="InvalidTestCases" classname="Transport4Future.TokenManagement.TokenRequestGenerationTest" time="0.002" dynamicTest="true" displayname="10 - {2}" parameters="java.lang.String,java.lang.String" uniqueid="[engine:junit-jupiter]/[class:Transport4Future.TokenManagement.TokenRequestGenerationTest]/[test-template:InvalidTestCases(java.lang.String, java.lang.String)]/[test-template-invocation:#10]"/>
      <testcase name="InvalidTestCases" classname="Transport4Future.TokenManagement.TokenRequestGenerationTest" time="0.008" dynamicTest="true" displayname="11 - {2}" parameters="java.lang.String,java.lang.String" uniqueid="[engine:junit-jupiter]/[class:Transport4Future.TokenManagement.TokenRequestGenerationTest]/[test-template:InvalidTestCases(java.lang.String, java.lang.String)]/[test-template-invocation:#11]"/>
      <testcase name="InvalidTestCases" classname="Transport4Future.TokenManagement.TokenRequestGenerationTest" time="0.005" dynamicTest="true" displayname="12 - {2}" parameters="java.lang.String,java.lang.String" uniqueid="[engine:junit-jupiter]/[class:Transport4Future.TokenManagement.TokenRequestGenerationTest]/[test-template:InvalidTestCases(java.lang.String, java.lang.String)]/[test-template-invocation:#12]"/>
      <testcase name="InvalidTestCases" classname="Transport4Future.TokenManagement.TokenRequestGenerationTest" time="0.008" dynamicTest="true" displayname="13 - {2}" parameters="java.lang.String,java.lang.String" uniqueid="[engine:junit-jupiter]/[class:Transport4Future.TokenManagement.TokenRequestGenerationTest]/[test-template:InvalidTestCases(java.lang.String, java.lang.String)]/[test-template-invocation:#13]"/>
      <testcase name="InvalidTestCases" classname="Transport4Future.TokenManagement.TokenRequestGenerationTest" time="0.006" dynamicTest="true" displayname="14 - {2}" parameters="java.lang.String,java.lang.String" uniqueid="[engine:junit-jupiter]/[class:Transport4Future.TokenManagement.TokenRequestGenerationTest]/[test-template:InvalidTestCases(java.lang.String, java.lang.String)]/[test-template-invocation:#14]"/>
      <testcase name="InvalidTestCases" classname="Transport4Future.TokenManagement.TokenRequestGenerationTest" time="0.004" dynamicTest="true" displayname="15 - {2}" parameters="java.lang.String,java.lang.String" uniqueid="[engine:junit-jupiter]/[class:Transport4Future.TokenManagement.TokenRequestGenerationTest]/[test-template:InvalidTestCases(java.lang.String, java.lang.String)]/[test-template-invocation:#15]"/>
      <testcase name="InvalidTestCases" classname="Transport4Future.TokenManagement.TokenRequestGenerationTest" time="0.012" dynamicTest="true" displayname="16 - {2}" parameters="java.lang.String,java.lang.String" uniqueid="[engine:junit-jupiter]/[class:Transport4Future.TokenManagement.TokenRequestGenerationTest]/[test-template:InvalidTestCases(java.lang.String, java.lang.String)]/[test-template-invocation:#16]"/>
      <testcase name="InvalidTestCases" classname="Transport4Future.TokenManagement.TokenRequestGenerationTest" time="0.01" dynamicTest="true" displayname="17 - {2}" parameters="java.lang.String,java.lang.String" uniqueid="[engine:junit-jupiter]/[class:Transport4Future.TokenManagement.TokenRequestGenerationTest]/[test-template:InvalidTestCases(java.lang.String, java.lang.String)]/[test-template-invocation:#17]"/>
      <testcase name="InvalidTestCases" classname="Transport4Future.TokenManagement.TokenRequestGenerationTest" time="0.012" dynamicTest="true" displayname="18 - {2}" parameters="java.lang.String,java.lang.String" uniqueid="[engine:junit-jupiter]/[class:Transport4Future.TokenManagement.TokenRequestGenerationTest]/[test-template:InvalidTestCases(java.lang.String, java.lang.String)]/[test-template-invocation:#18]"/>
      <testcase name="InvalidTestCases" classname="Transport4Future.TokenManagement.TokenRequestGenerationTest" time="0.005" dynamicTest="true" displayname="19 - {2}" parameters="java.lang.String,java.lang.String" uniqueid="[engine:junit-jupiter]/[class:Transport4Future.TokenManagement.TokenRequestGenerationTest]/[test-template:InvalidTestCases(java.lang.String, java.lang.String)]/[test-template-invocation:#19]"/>
      <testcase name="InvalidTestCases" classname="Transport4Future.TokenManagement.TokenRequestGenerationTest" time="0.003" dynamicTest="true" displayname="20 - {2}" parameters="java.lang.String,java.lang.String" uniqueid="[engine:junit-jupiter]/[class:Transport4Future.TokenManagement.TokenRequestGenerationTest]/[test-template:InvalidTestCases(java.lang.String, java.lang.String)]/[test-template-invocation:#20]"/>
      <testcase name="InvalidTestCases" classname="Transport4Future.TokenManagement.TokenRequestGenerationTest" time="0.004" dynamicTest="true" displayname="21 - {2}" parameters="java.lang.String,java.lang.String" uniqueid="[engine:junit-jupiter]/[class:Transport4Future.TokenManagement.TokenRequestGenerationTest]/[test-template:InvalidTestCases(java.lang.String, java.lang.String)]/[test-template-invocation:#21]"/>
      <testcase name="InvalidTestCases" classname="Transport4Future.TokenManagement.TokenRequestGenerationTest" time="0.003" dynamicTest="true" displayname="22 - {2}" parameters="java.lang.String,java.lang.String" uniqueid="[engine:junit-jupiter]/[class:Transport4Future.TokenManagement.TokenRequestGenerationTest]/[test-template:InvalidTestCases(java.lang.String, java.lang.String)]/[test-template-invocation:#22]"/>
      <testcase name="InvalidTestCases" classname="Transport4Future.TokenManagement.TokenRequestGenerationTest" time="0.005" dynamicTest="true" displayname="23 - {2}" parameters="java.lang.String,java.lang.String" uniqueid="[engine:junit-jupiter]/[class:Transport4Future.TokenManagement.TokenRequestGenerationTest]/[test-template:InvalidTestCases(java.lang.String, java.lang.String)]/[test-template-invocation:#23]"/>
      <testcase name="InvalidTestCases" classname="Transport4Future.TokenManagement.TokenRequestGenerationTest" time="0.006" dynamicTest="true" displayname="24 - {2}" parameters="java.lang.String,java.lang.String" uniqueid="[engine:junit-jupiter]/[class:Transport4Future.TokenManagement.TokenRequestGenerationTest]/[test-template:InvalidTestCases(java.lang.String, java.lang.String)]/[test-template-invocation:#24]"/>
      <testcase name="InvalidTestCases" classname="Transport4Future.TokenManagement.TokenRequestGenerationTest" time="0.005" dynamicTest="true" displayname="25 - {2}" parameters="java.lang.String,java.lang.String" uniqueid="[engine:junit-jupiter]/[class:Transport4Future.TokenManagement.TokenRequestGenerationTest]/[test-template:InvalidTestCases(java.lang.String, java.lang.String)]/[test-template-invocation:#25]"/>
      <testcase name="InvalidTestCases" classname="Transport4Future.TokenManagement.TokenRequestGenerationTest" time="0.004" dynamicTest="true" displayname="26 - {2}" parameters="java.lang.String,java.lang.String" uniqueid="[engine:junit-jupiter]/[class:Transport4Future.TokenManagement.TokenRequestGenerationTest]/[test-template:InvalidTestCases(java.lang.String, java.lang.String)]/[test-template-invocation:#26]"/>
      <testcase name="InvalidTestCases" classname="Transport4Future.TokenManagement.TokenRequestGenerationTest" time="0.01" dynamicTest="true" displayname="27 - {2}" parameters="java.lang.String,java.lang.String" uniqueid="[engine:junit-jupiter]/[class:Transport4Future.TokenManagement.TokenRequestGenerationTest]/[test-template:InvalidTestCases(java.lang.String, java.lang.String)]/[test-template-invocation:#27]"/>
      <testcase name="InvalidTestCases" classname="Transport4Future.TokenManagement.TokenRequestGenerationTest" time="0.32" dynamicTest="true" displayname="28 - {2}" parameters="java.lang.String,java.lang.String" uniqueid="[engine:junit-jupiter]/[class:Transport4Future.TokenManagement.TokenRequestGenerationTest]/[test-template:InvalidTestCases(java.lang.String, java.lang.String)]/[test-template-invocation:#28]"/>
    </testsuite>
  </testsuite>
  <testsuite name="Transport4Future.TokenManagement.RevocationTest" time="0.55" displayname="RevocationTest" uniqueid="[engine:junit-jupiter]/[class:Transport4Future.TokenManagement.RevocationTest]">
    <testcase name="FA_REVOC_SEMANTICS_01" classname="Transport4Future.TokenManagement.RevocationTest" time="0.015" displayname="FA_REVOC_SEMANTICS_01()" uniqueid="[engine:junit-jupiter]/[class:Transport4Future.TokenManagement.RevocationTest]/[method:FA_REVOC_SEMANTICS_01()]"/>
    <testcase name="FA_REVOC_SEMANTICS_02" classname="Transport4Future.TokenManagement.RevocationTest" time="0.143" displayname="FA_REVOC_SEMANTICS_02()" uniqueid="[engine:junit-jupiter]/[class:Transport4Future.TokenManagement.RevocationTest]/[method:FA_REVOC_SEMANTICS_02()]"/>
    <testcase name="FA_REVOC_SEMANTICS_03" classname="Transport4Future.TokenManagement.RevocationTest" time="0.1" displayname="FA_REVOC_SEMANTICS_03()" uniqueid="[engine:junit-jupiter]/[class:Transport4Future.TokenManagement.RevocationTest]/[method:FA_REVOC_SEMANTICS_03()]"/>
    <testcase name="FA_REVOC_SEMANTICS_04" classname="Transport4Future.TokenManagement.RevocationTest" time="0.005" displayname="FA_REVOC_SEMANTICS_04()" uniqueid="[engine:junit-jupiter]/[class:Transport4Future.TokenManagement.RevocationTest]/[method:FA_REVOC_SEMANTICS_04()]"/>
    <testcase name="FA_REVOC_SEMANTICS_05" classname="Transport4Future.TokenManagement.RevocationTest" time="0.004" displayname="FA_REVOC_SEMANTICS_05()" uniqueid="[engine:junit-jupiter]/[class:Transport4Future.TokenManagement.RevocationTest]/[method:FA_REVOC_SEMANTICS_05()]"/>
    <testcase name="FA_REVOC_SEMANTICS_06" classname="Transport4Future.TokenManagement.RevocationTest" time="0.01" displayname="FA_REVOC_SEMANTICS_06()" uniqueid="[engine:junit-jupiter]/[class:Transport4Future.TokenManagement.RevocationTest]/[method:FA_REVOC_SEMANTICS_06()]"/>
    <testcase name="FA_REVOC_SEMANTICS_07" classname="Transport4Future.TokenManagement.RevocationTest" time="0.011" displayname="FA_REVOC_SEMANTICS_07()" uniqueid="[engine:junit-jupiter]/[class:Transport4Future.TokenManagement.RevocationTest]/[method:FA_REVOC_SEMANTICS_07()]"/>
    <testcase name="FA_REVOC_SEMANTICS_08" classname="Transport4Future.TokenManagement.RevocationTest" time="0.003" displayname="FA_REVOC_SEMANTICS_08()" uniqueid="[engine:junit-jupiter]/[class:Transport4Future.TokenManagement.RevocationTest]/[method:FA_REVOC_SEMANTICS_08()]"/>
    <testcase name="FA_REVOC_SEMANTICS_09" classname="Transport4Future.TokenManagement.RevocationTest" time="0.003" displayname="FA_REVOC_SEMANTICS_09()" uniqueid="[engine:junit-jupiter]/[class:Transport4Future.TokenManagement.RevocationTest]/[method:FA_REVOC_SEMANTICS_09()]"/>
    <testcase name="FA_REVOC_SEMANTICS_10" classname="Transport4Future.TokenManagement.RevocationTest" time="0.007" displayname="FA_REVOC_SEMANTICS_10()" uniqueid="[engine:junit-jupiter]/[class:Transport4Future.TokenManagement.RevocationTest]/[method:FA_REVOC_SEMANTICS_10()]"/>
    <testcase name="FA_REVOC_01" classname="Transport4Future.TokenManagement.RevocationTest" time="0.002" displayname="FA_REVOC_01()" uniqueid="[engine:junit-jupiter]/[class:Transport4Future.TokenManagement.RevocationTest]/[method:FA_REVOC_01()]"/>
    <testcase name="FA_REVOC_02" classname="Transport4Future.TokenManagement.RevocationTest" time="0.002" displayname="FA_REVOC_02()" uniqueid="[engine:junit-jupiter]/[class:Transport4Future.TokenManagement.RevocationTest]/[method:FA_REVOC_02()]"/>
    <testcase name="FA_REVOC_03" classname="Transport4Future.TokenManagement.RevocationTest" time="0.002" displayname="FA_REVOC_03()" uniqueid="[engine:junit-jupiter]/[class:Transport4Future.TokenManagement.RevocationTest]/[method:FA_REVOC_03()]"/>
    <testcase name="FA_REVOC_04" classname="Transport4Future.TokenManagement.RevocationTest" time="0.002" displayname="FA_REVOC_04()" uniqueid="[engine:junit-jupiter]/[class:Transport4Future.TokenManagement.RevocationTest]/[method:FA_REVOC_04()]"/>
    <testcase name="FA_REVOC_05" classname="Transport4Future.TokenManagement.RevocationTest" time="0.002" displayname="FA_REVOC_05()" uniqueid="[engine:junit-jupiter]/[class:Transport4Future.TokenManagement.RevocationTest]/[method:FA_REVOC_05()]"/>
    <testcase name="FA_REVOC_06" classname="Transport4Future.TokenManagement.RevocationTest" time="0.003" displayname="FA_REVOC_06()" uniqueid="[engine:junit-jupiter]/[class:Transport4Future.TokenManagement.RevocationTest]/[method:FA_REVOC_06()]"/>
    <testcase name="FA_REVOC_07" classname="Transport4Future.TokenManagement.RevocationTest" time="0.001" displayname="FA_REVOC_07()" uniqueid="[engine:junit-jupiter]/[class:Transport4Future.TokenManagement.RevocationTest]/[method:FA_REVOC_07()]"/>
    <testcase name="FA_REVOC_08" classname="Transport4Future.TokenManagement.RevocationTest" time="0.002" displayname="FA_REVOC_08()" uniqueid="[engine:junit-jupiter]/[class:Transport4Future.TokenManagement.RevocationTest]/[method:FA_REVOC_08()]"/>
    <testcase name="FA_REVOC_09" classname="Transport4Future.TokenManagement.RevocationTest" time="0.002" displayname="FA_REVOC_09()" uniqueid="[engine:junit-jupiter]/[class:Transport4Future.TokenManagement.RevocationTest]/[method:FA_REVOC_09()]"/>
    <testcase name="FA_REVOC_10" classname="Transport4Future.TokenManagement.RevocationTest" time="0.003" displayname="FA_REVOC_10()" uniqueid="[engine:junit-jupiter]/[class:Transport4Future.TokenManagement.RevocationTest]/[method:FA_REVOC_10()]"/>
    <testcase name="FA_REVOC_11" classname="Transport4Future.TokenManagement.RevocationTest" time="0.003" displayname="FA_REVOC_11()" uniqueid="[engine:junit-jupiter]/[class:Transport4Future.TokenManagement.RevocationTest]/[method:FA_REVOC_11()]"/>
    <testcase name="FA_REVOC_12" classname="Transport4Future.TokenManagement.RevocationTest" time="0.003" displayname="FA_REVOC_12()" uniqueid="[engine:junit-jupiter]/[class:Transport4Future.TokenManagement.RevocationTest]/[method:FA_REVOC_12()]"/>
    <testcase name="FA_REVOC_13" classname="Transport4Future.TokenManagement.RevocationTest" time="0.003" displayname="FA_REVOC_13()" uniqueid="[engine:junit-jupiter]/[class:Transport4Future.TokenManagement.RevocationTest]/[method:FA_REVOC_13()]"/>
    <testcase name="FA_REVOC_14" classname="Transport4Future.TokenManagement.RevocationTest" time="0.003" displayname="FA_REVOC_14()" uniqueid="[engine:junit-jupiter]/[class:Transport4Future.TokenManagement.RevocationTest]/[method:FA_REVOC_14()]"/>
    <testcase name="FA_REVOC_15" classname="Transport4Future.TokenManagement.RevocationTest" time="0.002" displayname="FA_REVOC_15()" uniqueid="[engine:junit-jupiter]/[class:Transport4Future.TokenManagement.RevocationTest]/[method:FA_REVOC_15()]"/>
    <testcase name="FA_REVOC_16" classname="Transport4Future.TokenManagement.RevocationTest" time="0.003" displayname="FA_REVOC_16()" uniqueid="[engine:junit-jupiter]/[class:Transport4Future.TokenManagement.RevocationTest]/[method:FA_REVOC_16()]"/>
    <testcase name="FA_REVOC_17" classname="Transport4Future.TokenManagement.RevocationTest" time="0.002" displayname="FA_REVOC_17()" uniqueid="[engine:junit-jupiter]/[class:Transport4Future.TokenManagement.RevocationTest]/[method:FA_REVOC_17()]"/>
    <testcase name="FA_REVOC_18" classname="Transport4Future.TokenManagement.RevocationTest" time="0.004" displayname="FA_REVOC_18()" uniqueid="[engine:junit-jupiter]/[class:Transport4Future.TokenManagement.RevocationTest]/[method:FA_REVOC_18()]"/>
    <testcase name="FA_REVOC_19" classname="Transport4Future.TokenManagement.RevocationTest" time="0.002" displayname="FA_REVOC_19()" uniqueid="[engine:junit-jupiter]/[class:Transport4Future.TokenManagement.RevocationTest]/[method:FA_REVOC_19()]"/>
    <testcase name="FA_REVOC_20" classname="Transport4Future.TokenManagement.RevocationTest" time="0.002" displayname="FA_REVOC_20()" uniqueid="[engine:junit-jupiter]/[class:Transport4Future.TokenManagement.RevocationTest]/[method:FA_REVOC_20()]"/>
    <testcase name="FA_REVOC_21" classname="Transport4Future.TokenManagement.RevocationTest" time="0.002" displayname="FA_REVOC_21()" uniqueid="[engine:junit-jupiter]/[class:Transport4Future.TokenManagement.RevocationTest]/[method:FA_REVOC_21()]"/>
    <testcase name="FA_REVOC_22" classname="Transport4Future.TokenManagement.RevocationTest" time="0.019" displayname="FA_REVOC_22()" uniqueid="[engine:junit-jupiter]/[class:Transport4Future.TokenManagement.RevocationTest]/[method:FA_REVOC_22()]"/>
    <testcase name="FA_REVOC_23" classname="Transport4Future.TokenManagement.RevocationTest" time="0.023" displayname="FA_REVOC_23()" uniqueid="[engine:junit-jupiter]/[class:Transport4Future.TokenManagement.RevocationTest]/[method:FA_REVOC_23()]"/>
    <testcase name="FA_REVOC_24" classname="Transport4Future.TokenManagement.RevocationTest" time="0.014" displayname="FA_REVOC_24()" uniqueid="[engine:junit-jupiter]/[class:Transport4Future.TokenManagement.RevocationTest]/[method:FA_REVOC_24()]"/>
    <testcase name="FA_REVOC_25" classname="Transport4Future.TokenManagement.RevocationTest" time="0.003" displayname="FA_REVOC_25()" uniqueid="[engine:junit-jupiter]/[class:Transport4Future.TokenManagement.RevocationTest]/[method:FA_REVOC_25()]"/>
    <testcase name="FA_REVOC_26" classname="Transport4Future.TokenManagement.RevocationTest" time="0.002" displayname="FA_REVOC_26()" uniqueid="[engine:junit-jupiter]/[class:Transport4Future.TokenManagement.RevocationTest]/[method:FA_REVOC_26()]"/>
    <testcase name="FA_REVOC_27" classname="Transport4Future.TokenManagement.RevocationTest" time="0.003" displayname="FA_REVOC_27()" uniqueid="[engine:junit-jupiter]/[class:Transport4Future.TokenManagement.RevocationTest]/[method:FA_REVOC_27()]"/>
    <testcase name="FA_REVOC_28" classname="Transport4Future.TokenManagement.RevocationTest" time="0.002" displayname="FA_REVOC_28()" uniqueid="[engine:junit-jupiter]/[class:Transport4Future.TokenManagement.RevocationTest]/[method:FA_REVOC_28()]"/>
    <testcase name="FA_REVOC_29" classname="Transport4Future.TokenManagement.RevocationTest" time="0.003" displayname="FA_REVOC_29()" uniqueid="[engine:junit-jupiter]/[class:Transport4Future.TokenManagement.RevocationTest]/[method:FA_REVOC_29()]"/>
    <testcase name="FA_REVOC_30" classname="Transport4Future.TokenManagement.RevocationTest" time="0.002" displayname="FA_REVOC_30()" uniqueid="[engine:junit-jupiter]/[class:Transport4Future.TokenManagement.RevocationTest]/[method:FA_REVOC_30()]"/>
    <testcase name="FA_REVOC_31" classname="Transport4Future.TokenManagement.RevocationTest" time="0.002" displayname="FA_REVOC_31()" uniqueid="[engine:junit-jupiter]/[class:Transport4Future.TokenManagement.RevocationTest]/[method:FA_REVOC_31()]"/>
    <testcase name="FA_REVOC_32" classname="Transport4Future.TokenManagement.RevocationTest" time="0.002" displayname="FA_REVOC_32()" uniqueid="[engine:junit-jupiter]/[class:Transport4Future.TokenManagement.RevocationTest]/[method:FA_REVOC_32()]"/>
    <testcase name="FA_REVOC_33" classname="Transport4Future.TokenManagement.RevocationTest" time="0.003" displayname="FA_REVOC_33()" uniqueid="[engine:junit-jupiter]/[class:Transport4Future.TokenManagement.RevocationTest]/[method:FA_REVOC_33()]"/>
    <testcase name="FA_REVOC_34" classname="Transport4Future.TokenManagement.RevocationTest" time="0.002" displayname="FA_REVOC_34()" uniqueid="[engine:junit-jupiter]/[class:Transport4Future.TokenManagement.RevocationTest]/[method:FA_REVOC_34()]"/>
    <testcase name="FA_REVOC_35" classname="Transport4Future.TokenManagement.RevocationTest" time="0.002" displayname="FA_REVOC_35()" uniqueid="[engine:junit-jupiter]/[class:Transport4Future.TokenManagement.RevocationTest]/[method:FA_REVOC_35()]"/>
    <testcase name="FA_REVOC_36" classname="Transport4Future.TokenManagement.RevocationTest" time="0.003" displayname="FA_REVOC_36()" uniqueid="[engine:junit-jupiter]/[class:Transport4Future.TokenManagement.RevocationTest]/[method:FA_REVOC_36()]"/>
    <testcase name="FA_REVOC_37" classname="Transport4Future.TokenManagement.RevocationTest" time="0.003" displayname="FA_REVOC_37()" uniqueid="[engine:junit-jupiter]/[class:Transport4Future.TokenManagement.RevocationTest]/[method:FA_REVOC_37()]"/>
    <testcase name="FA_REVOC_38" classname="Transport4Future.TokenManagement.RevocationTest" time="0.002" displayname="FA_REVOC_38()" uniqueid="[engine:junit-jupiter]/[class:Transport4Future.TokenManagement.RevocationTest]/[method:FA_REVOC_38()]"/>
    <testcase name="FA_REVOC_39" classname="Transport4Future.TokenManagement.RevocationTest" time="0.003" displayname="FA_REVOC_39()" uniqueid="[engine:junit-jupiter]/[class:Transport4Future.TokenManagement.RevocationTest]/[method:FA_REVOC_39()]"/>
    <testcase name="FA_REVOC_40" classname="Transport4Future.TokenManagement.RevocationTest" time="0.002" displayname="FA_REVOC_40()" uniqueid="[engine:junit-jupiter]/[class:Transport4Future.TokenManagement.RevocationTest]/[method:FA_REVOC_40()]"/>
    <testcase name="FA_REVOC_41" classname="Transport4Future.TokenManagement.RevocationTest" time="0.003" displayname="FA_REVOC_41()" uniqueid="[engine:junit-jupiter]/[class:Transport4Future.TokenManagement.RevocationTest]/[method:FA_REVOC_41()]"/>
    <testcase name="FA_REVOC_42" classname="Transport4Future.TokenManagement.RevocationTest" time="0.002" displayname="FA_REVOC_42()" uniqueid="[engine:junit-jupiter]/[class:Transport4Future.TokenManagement.RevocationTest]/[method:FA_REVOC_42()]"/>
    <testcase name="FA_REVOC_43" classname="Transport4Future.TokenManagement.RevocationTest" time="0.003" displayname="FA_REVOC_43()" uniqueid="[engine:junit-jupiter]/[class:Transport4Future.TokenManagement.RevocationTest]/[method:FA_REVOC_43()]"/>
    <testcase name="FA_REVOC_44" classname="Transport4Future.TokenManagement.RevocationTest" time="0.004" displayname="FA_REVOC_44()" uniqueid="[engine:junit-jupiter]/[class:Transport4Future.TokenManagement.RevocationTest]/[method:FA_REVOC_44()]"/>
    <testcase name="FA_REVOC_45" classname="Transport4Future.TokenManagement.RevocationTest" time="0.004" displayname="FA_REVOC_45()" uniqueid="[engine:junit-jupiter]/[class:Transport4Future.TokenManagement.RevocationTest]/[method:FA_REVOC_45()]"/>
    <testcase name="FA_REVOC_46" classname="Transport4Future.TokenManagement.RevocationTest" time="0.004" displayname="FA_REVOC_46()" uniqueid="[engine:junit-jupiter]/[class:Transport4Future.TokenManagement.RevocationTest]/[method:FA_REVOC_46()]"/>
    <testcase name="FA_REVOC_47" classname="Transport4Future.TokenManagement.RevocationTest" time="0.006" displayname="FA_REVOC_47()" uniqueid="[engine:junit-jupiter]/[class:Transport4Future.TokenManagement.RevocationTest]/[method:FA_REVOC_47()]"/>
    <testcase name="FA_REVOC_48" classname="Transport4Future.TokenManagement.RevocationTest" time="0.002" displayname="FA_REVOC_48()" uniqueid="[engine:junit-jupiter]/[class:Transport4Future.TokenManagement.RevocationTest]/[method:FA_REVOC_48()]"/>
    <testcase name="FA_REVOC_49" classname="Transport4Future.TokenManagement.RevocationTest" time="0.002" displayname="FA_REVOC_49()" uniqueid="[engine:junit-jupiter]/[class:Transport4Future.TokenManagement.RevocationTest]/[method:FA_REVOC_49()]"/>
    <testcase name="FA_REVOC_50" classname="Transport4Future.TokenManagement.RevocationTest" time="0.005" displayname="FA_REVOC_50()" uniqueid="[engine:junit-jupiter]/[class:Transport4Future.TokenManagement.RevocationTest]/[method:FA_REVOC_50()]"/>
    <testcase name="FA_REVOC_51" classname="Transport4Future.TokenManagement.RevocationTest" time="0.002" displayname="FA_REVOC_51()" uniqueid="[engine:junit-jupiter]/[class:Transport4Future.TokenManagement.RevocationTest]/[method:FA_REVOC_51()]"/>
    <testcase name="FA_REVOC_52" classname="Transport4Future.TokenManagement.RevocationTest" time="0.003" displayname="FA_REVOC_52()" uniqueid="[engine:junit-jupiter]/[class:Transport4Future.TokenManagement.RevocationTest]/[method:FA_REVOC_52()]"/>
    <testcase name="FA_REVOC_53" classname="Transport4Future.TokenManagement.RevocationTest" time="0.002" displayname="FA_REVOC_53()" uniqueid="[engine:junit-jupiter]/[class:Transport4Future.TokenManagement.RevocationTest]/[method:FA_REVOC_53()]"/>
    <testcase name="FA_REVOC_54" classname="Transport4Future.TokenManagement.RevocationTest" time="0.009" displayname="FA_REVOC_54()" uniqueid="[engine:junit-jupiter]/[class:Transport4Future.TokenManagement.RevocationTest]/[method:FA_REVOC_54()]"/>
    <testcase name="FA_REVOC_55" classname="Transport4Future.TokenManagement.RevocationTest" time="0.003" displayname="FA_REVOC_55()" uniqueid="[engine:junit-jupiter]/[class:Transport4Future.TokenManagement.RevocationTest]/[method:FA_REVOC_55()]"/>
    <testcase name="FA_REVOC_56" classname="Transport4Future.TokenManagement.RevocationTest" time="0.003" displayname="FA_REVOC_56()" uniqueid="[engine:junit-jupiter]/[class:Transport4Future.TokenManagement.RevocationTest]/[method:FA_REVOC_56()]"/>
    <testcase name="FA_REVOC_57" classname="Transport4Future.TokenManagement.RevocationTest" time="0.003" displayname="FA_REVOC_57()" uniqueid="[engine:junit-jupiter]/[class:Transport4Future.TokenManagement.RevocationTest]/[method:FA_REVOC_57()]"/>
    <testcase name="FA_REVOC_58" classname="Transport4Future.TokenManagement.RevocationTest" time="0.002" displayname="FA_REVOC_58()" uniqueid="[engine:junit-jupiter]/[class:Transport4Future.TokenManagement.RevocationTest]/[method:FA_REVOC_58()]"/>
    <testcase name="FA_REVOC_59" classname="Transport4Future.TokenManagement.RevocationTest" time="0.003" displayname="FA_REVOC_59()" uniqueid="[engine:junit-jupiter]/[class:Transport4Future.TokenManagement.RevocationTest]/[method:FA_REVOC_59()]"/>
    <testcase name="FA_REVOC_60" classname="Transport4Future.TokenManagement.RevocationTest" time="0.006" displayname="FA_REVOC_60()" uniqueid="[engine:junit-jupiter]/[class:Transport4Future.TokenManagement.RevocationTest]/[method:FA_REVOC_60()]"/>
    <testcase name="FA_REVOC_61" classname="Transport4Future.TokenManagement.RevocationTest" time="0.003" displayname="FA_REVOC_61()" uniqueid="[engine:junit-jupiter]/[class:Transport4Future.TokenManagement.RevocationTest]/[method:FA_REVOC_61()]"/>
    <testcase name="FA_REVOC_62" classname="Transport4Future.TokenManagement.RevocationTest" time="0.003" displayname="FA_REVOC_62()" uniqueid="[engine:junit-jupiter]/[class:Transport4Future.TokenManagement.RevocationTest]/[method:FA_REVOC_62()]"/>
    <testcase name="FA_REVOC_63" classname="Transport4Future.TokenManagement.RevocationTest" time="0.004" displayname="FA_REVOC_63()" uniqueid="[engine:junit-jupiter]/[class:Transport4Future.TokenManagement.RevocationTest]/[method:FA_REVOC_63()]"/>
    <testcase name="FA_REVOC_64" classname="Transport4Future.TokenManagement.RevocationTest" time="0.006" displayname="FA_REVOC_64()" uniqueid="[engine:junit-jupiter]/[class:Transport4Future.TokenManagement.RevocationTest]/[method:FA_REVOC_64()]"/>
    <testcase name="FA_REVOC_65" classname="Transport4Future.TokenManagement.RevocationTest" time="0.013" displayname="FA_REVOC_65()" uniqueid="[engine:junit-jupiter]/[class:Transport4Future.TokenManagement.RevocationTest]/[method:FA_REVOC_65()]"/>
  </testsuite>
  <testsuite name="Transport4Future.TokenManagement.VerifyTokenTest" time="0.044" displayname="VerifyTokenTest" uniqueid="[engine:junit-jupiter]/[class:Transport4Future.TokenManagement.VerifyTokenTest]">
    <testcase name="VerifyValidToken" classname="Transport4Future.TokenManagement.VerifyTokenTest" time="0.02" displayname="RF03 - TC05 - Buscar un token válido" uniqueid="[engine:junit-jupiter]/[class:Transport4Future.TokenManagement.VerifyTokenTest]/[method:VerifyValidToken()]"/>
    <testcase name="VerifyTokenCorrectTest" classname="Transport4Future.TokenManagement.VerifyTokenTest" time="0.007" displayname="RF03 - TC03 - Buscar un token que existe en almacén con registros" uniqueid="[engine:junit-jupiter]/[class:Transport4Future.TokenManagement.VerifyTokenTest]/[method:VerifyTokenCorrectTest()]"/>
    <testcase name="VerifyTokenNonExitingTokenStore" classname="Transport4Future.TokenManagement.VerifyTokenTest" time="0.002" displayname="RF03 - TC04 - Buscar un token cuando el almacén no existe" uniqueid="[engine:junit-jupiter]/[class:Transport4Future.TokenManagement.VerifyTokenTest]/[method:VerifyTokenNonExitingTokenStore()]"/>
    <testcase name="VerifyTokenNonExistingToken" classname="Transport4Future.TokenManagement.VerifyTokenTest" time="0.012" displayname="RF03 - TC02 - Buscar un token que no existe en un almacén de registros que contiene un elemento" uniqueid="[engine:junit-jupiter]/[class:Transport4Future.TokenManagement.VerifyTokenTest]/[method:VerifyTokenNonExistingToken()]"/>
    <testcase name="VerifyTokenEmptyTokenStore" classname="Transport4Future.TokenManagement.VerifyTokenTest" time="0.003" displayname="RF03 - TC01 - Buscar un token en un almacén de tokens vacío" uniqueid="[engine:junit-jupiter]/[class:Transport4Future.TokenManagement.VerifyTokenTest]/[method:VerifyTokenEmptyTokenStore()]"/>
  </testsuite>
  <testsuite name="Transport4Future.TokenManagement.RevokeTokenStructTest" time="0.074" displayname="RevokeTokenStructTest" uniqueid="[engine:junit-jupiter]/[class:Transport4Future.TokenManagement.RevokeTokenStructTest]">
    <testcase name="FA_REV_STRUCTURAL_01" classname="Transport4Future.TokenManagement.RevokeTokenStructTest" time="0.002" displayname="FA_REV_STRUCTURAL_01()" uniqueid="[engine:junit-jupiter]/[class:Transport4Future.TokenManagement.RevokeTokenStructTest]/[method:FA_REV_STRUCTURAL_01()]"/>
    <testcase name="FA_REV_STRUCTURAL_02" classname="Transport4Future.TokenManagement.RevokeTokenStructTest" time="0.003" displayname="FA_REV_STRUCTURAL_02()" uniqueid="[engine:junit-jupiter]/[class:Transport4Future.TokenManagement.RevokeTokenStructTest]/[method:FA_REV_STRUCTURAL_02()]"/>
    <testcase name="FA_REV_STRUCTURAL_03" classname="Transport4Future.TokenManagement.RevokeTokenStructTest" time="0.039" displayname="FA_REV_STRUCTURAL_03()" uniqueid="[engine:junit-jupiter]/[class:Transport4Future.TokenManagement.RevokeTokenStructTest]/[method:FA_REV_STRUCTURAL_03()]"/>
    <testcase name="FA_REV_STRUCTURAL_04" classname="Transport4Future.TokenManagement.RevokeTokenStructTest" time="0.03" displayname="FA_REV_STRUCTURAL_04()" uniqueid="[engine:junit-jupiter]/[class:Transport4Future.TokenManagement.RevokeTokenStructTest]/[method:FA_REV_STRUCTURAL_04()]"/>
  </testsuite>
  <testsuite name="Transport4Future.TokenManagement.TokenRequestTest" time="0.02" displayname="TokenRequestTest" uniqueid="[engine:junit-jupiter]/[class:Transport4Future.TokenManagement.TokenRequestTest]">
    <testsuite name="ValidTestCases(Transport4Future.TokenManagement.TokenRequestTest)" time="0.017" displayname="Valid Test Cases" parameters="java.lang.String,java.lang.String" uniqueid="[engine:junit-jupiter]/[class:Transport4Future.TokenManagement.TokenRequestTest]/[test-template:ValidTestCases(java.lang.String, java.lang.String)]">
      <testcase name="ValidTestCases" classname="Transport4Future.TokenManagement.TokenRequestTest" time="0.017" dynamicTest="true" displayname="1 - {2}" parameters="java.lang.String,java.lang.String" uniqueid="[engine:junit-jupiter]/[class:Transport4Future.TokenManagement.TokenRequestTest]/[test-template:ValidTestCases(java.lang.String, java.lang.String)]/[test-template-invocation:#1]"/>
    </testsuite>
    <testsuite name="InvalidTestCases(Transport4Future.TokenManagement.TokenRequestTest)" time="0.003" displayname="Invalid Test Cases" parameters="java.lang.String,java.lang.String" uniqueid="[engine:junit-jupiter]/[class:Transport4Future.TokenManagement.TokenRequestTest]/[test-template:InvalidTestCases(java.lang.String, java.lang.String)]">
      <testcase name="InvalidTestCases" classname="Transport4Future.TokenManagement.TokenRequestTest" time="0.003" dynamicTest="true" displayname="1 - {2}" parameters="java.lang.String,java.lang.String" uniqueid="[engine:junit-jupiter]/[class:Transport4Future.TokenManagement.TokenRequestTest]/[test-template:InvalidTestCases(java.lang.String, java.lang.String)]/[test-template-invocation:#1]"/>
      <testcase name="InvalidTestCases" classname="Transport4Future.TokenManagement.TokenRequestTest" time="0.002" dynamicTest="true" displayname="2 - {2}" parameters="java.lang.String,java.lang.String" uniqueid="[engine:junit-jupiter]/[class:Transport4Future.TokenManagement.TokenRequestTest]/[test-template:InvalidTestCases(java.lang.String, java.lang.String)]/[test-template-invocation:#2]"/>
      <testcase name="InvalidTestCases" classname="Transport4Future.TokenManagement.TokenRequestTest" time="0.003" dynamicTest="true" displayname="3 - {2}" parameters="java.lang.String,java.lang.String" uniqueid="[engine:junit-jupiter]/[class:Transport4Future.TokenManagement.TokenRequestTest]/[test-template:InvalidTestCases(java.lang.String, java.lang.String)]/[test-template-invocation:#3]"/>
      <testcase name="InvalidTestCases" classname="Transport4Future.TokenManagement.TokenRequestTest" time="0.002" dynamicTest="true" displayname="4 - {2}" parameters="java.lang.String,java.lang.String" uniqueid="[engine:junit-jupiter]/[class:Transport4Future.TokenManagement.TokenRequestTest]/[test-template:InvalidTestCases(java.lang.String, java.lang.String)]/[test-template-invocation:#4]"/>
      <testcase name="InvalidTestCases" classname="Transport4Future.TokenManagement.TokenRequestTest" time="0.009" dynamicTest="true" displayname="5 - {2}" parameters="java.lang.String,java.lang.String" uniqueid="[engine:junit-jupiter]/[class:Transport4Future.TokenManagement.TokenRequestTest]/[test-template:InvalidTestCases(java.lang.String, java.lang.String)]/[test-template-invocation:#5]"/>
      <testcase name="InvalidTestCases" classname="Transport4Future.TokenManagement.TokenRequestTest" time="0.02" dynamicTest="true" displayname="6 - {2}" parameters="java.lang.String,java.lang.String" uniqueid="[engine:junit-jupiter]/[class:Transport4Future.TokenManagement.TokenRequestTest]/[test-template:InvalidTestCases(java.lang.String, java.lang.String)]/[test-template-invocation:#6]"/>
      <testcase name="InvalidTestCases" classname="Transport4Future.TokenManagement.TokenRequestTest" time="0.006" dynamicTest="true" displayname="7 - {2}" parameters="java.lang.String,java.lang.String" uniqueid="[engine:junit-jupiter]/[class:Transport4Future.TokenManagement.TokenRequestTest]/[test-template:InvalidTestCases(java.lang.String, java.lang.String)]/[test-template-invocation:#7]"/>
      <testcase name="InvalidTestCases" classname="Transport4Future.TokenManagement.TokenRequestTest" time="0.004" dynamicTest="true" displayname="8 - {2}" parameters="java.lang.String,java.lang.String" uniqueid="[engine:junit-jupiter]/[class:Transport4Future.TokenManagement.TokenRequestTest]/[test-template:InvalidTestCases(java.lang.String, java.lang.String)]/[test-template-invocation:#8]"/>
      <testcase name="InvalidTestCases" classname="Transport4Future.TokenManagement.TokenRequestTest" time="0.002" dynamicTest="true" displayname="9 - {2}" parameters="java.lang.String,java.lang.String" uniqueid="[engine:junit-jupiter]/[class:Transport4Future.TokenManagement.TokenRequestTest]/[test-template:InvalidTestCases(java.lang.String, java.lang.String)]/[test-template-invocation:#9]"/>
      <testcase name="InvalidTestCases" classname="Transport4Future.TokenManagement.TokenRequestTest" time="0.004" dynamicTest="true" displayname="10 - {2}" parameters="java.lang.String,java.lang.String" uniqueid="[engine:junit-jupiter]/[class:Transport4Future.TokenManagement.TokenRequestTest]/[test-template:InvalidTestCases(java.lang.String, java.lang.String)]/[test-template-invocation:#10]"/>
      <testcase name="InvalidTestCases" classname="Transport4Future.TokenManagement.TokenRequestTest" time="0.006" dynamicTest="true" displayname="11 - {2}" parameters="java.lang.String,java.lang.String" uniqueid="[engine:junit-jupiter]/[class:Transport4Future.TokenManagement.TokenRequestTest]/[test-template:InvalidTestCases(java.lang.String, java.lang.String)]/[test-template-invocation:#11]"/>
      <testcase name="InvalidTestCases" classname="Transport4Future.TokenManagement.TokenRequestTest" time="0.048" dynamicTest="true" displayname="12 - {2}" parameters="java.lang.String,java.lang.String" uniqueid="[engine:junit-jupiter]/[class:Transport4Future.TokenManagement.TokenRequestTest]/[test-template:InvalidTestCases(java.lang.String, java.lang.String)]/[test-template-invocation:#12]"/>
      <testcase name="InvalidTestCases" classname="Transport4Future.TokenManagement.TokenRequestTest" time="0.006" dynamicTest="true" displayname="13 - {2}" parameters="java.lang.String,java.lang.String" uniqueid="[engine:junit-jupiter]/[class:Transport4Future.TokenManagement.TokenRequestTest]/[test-template:InvalidTestCases(java.lang.String, java.lang.String)]/[test-template-invocation:#13]"/>
      <testcase name="InvalidTestCases" classname="Transport4Future.TokenManagement.TokenRequestTest" time="0.009" dynamicTest="true" displayname="14 - {2}" parameters="java.lang.String,java.lang.String" uniqueid="[engine:junit-jupiter]/[class:Transport4Future.TokenManagement.TokenRequestTest]/[test-template:InvalidTestCases(java.lang.String, java.lang.String)]/[test-template-invocation:#14]"/>
      <testcase name="InvalidTestCases" classname="Transport4Future.TokenManagement.TokenRequestTest" time="0.005" dynamicTest="true" displayname="15 - {2}" parameters="java.lang.String,java.lang.String" uniqueid="[engine:junit-jupiter]/[class:Transport4Future.TokenManagement.TokenRequestTest]/[test-template:InvalidTestCases(java.lang.String, java.lang.String)]/[test-template-invocation:#15]"/>
      <testcase name="InvalidTestCases" classname="Transport4Future.TokenManagement.TokenRequestTest" time="0.007" dynamicTest="true" displayname="16 - {2}" parameters="java.lang.String,java.lang.String" uniqueid="[engine:junit-jupiter]/[class:Transport4Future.TokenManagement.TokenRequestTest]/[test-template:InvalidTestCases(java.lang.String, java.lang.String)]/[test-template-invocation:#16]"/>
      <testcase name="InvalidTestCases" classname="Transport4Future.TokenManagement.TokenRequestTest" time="0.007" dynamicTest="true" displayname="17 - {2}" parameters="java.lang.String,java.lang.String" uniqueid="[engine:junit-jupiter]/[class:Transport4Future.TokenManagement.TokenRequestTest]/[test-template:InvalidTestCases(java.lang.String, java.lang.String)]/[test-template-invocation:#17]"/>
      <testcase name="InvalidTestCases" classname="Transport4Future.TokenManagement.TokenRequestTest" time="0.004" dynamicTest="true" displayname="18 - {2}" parameters="java.lang.String,java.lang.String" uniqueid="[engine:junit-jupiter]/[class:Transport4Future.TokenManagement.TokenRequestTest]/[test-template:InvalidTestCases(java.lang.String, java.lang.String)]/[test-template-invocation:#18]"/>
      <testcase name="InvalidTestCases" classname="Transport4Future.TokenManagement.TokenRequestTest" time="0.008" dynamicTest="true" displayname="19 - {2}" parameters="java.lang.String,java.lang.String" uniqueid="[engine:junit-jupiter]/[class:Transport4Future.TokenManagement.TokenRequestTest]/[test-template:InvalidTestCases(java.lang.String, java.lang.String)]/[test-template-invocation:#19]"/>
      <testcase name="InvalidTestCases" classname="Transport4Future.TokenManagement.TokenRequestTest" time="0.002" dynamicTest="true" displayname="20 - {2}" parameters="java.lang.String,java.lang.String" uniqueid="[engine:junit-jupiter]/[class:Transport4Future.TokenManagement.TokenRequestTest]/[test-template:InvalidTestCases(java.lang.String, java.lang.String)]/[test-template-invocation:#20]"/>
      <testcase name="InvalidTestCases" classname="Transport4Future.TokenManagement.TokenRequestTest" time="0.004" dynamicTest="true" displayname="21 - {2}" parameters="java.lang.String,java.lang.String" uniqueid="[engine:junit-jupiter]/[class:Transport4Future.TokenManagement.TokenRequestTest]/[test-template:InvalidTestCases(java.lang.String, java.lang.String)]/[test-template-invocation:#21]"/>
      <testcase name="InvalidTestCases" classname="Transport4Future.TokenManagement.TokenRequestTest" time="0.002" dynamicTest="true" displayname="22 - {2}" parameters="java.lang.String,java.lang.String" uniqueid="[engine:junit-jupiter]/[class:Transport4Future.TokenManagement.TokenRequestTest]/[test-template:InvalidTestCases(java.lang.String, java.lang.String)]/[test-template-invocation:#22]"/>
      <testcase name="InvalidTestCases" classname="Transport4Future.TokenManagement.TokenRequestTest" time="0.002" dynamicTest="true" displayname="23 - {2}" parameters="java.lang.String,java.lang.String" uniqueid="[engine:junit-jupiter]/[class:Transport4Future.TokenManagement.TokenRequestTest]/[test-template:InvalidTestCases(java.lang.String, java.lang.String)]/[test-template-invocation:#23]"/>
      <testcase name="InvalidTestCases" classname="Transport4Future.TokenManagement.TokenRequestTest" time="0.003" dynamicTest="true" displayname="24 - {2}" parameters="java.lang.String,java.lang.String" uniqueid="[engine:junit-jupiter]/[class:Transport4Future.TokenManagement.TokenRequestTest]/[test-template:InvalidTestCases(java.lang.String, java.lang.String)]/[test-template-invocation:#24]"/>
      <testcase name="InvalidTestCases" classname="Transport4Future.TokenManagement.TokenRequestTest" time="0.006" dynamicTest="true" displayname="25 - {2}" parameters="java.lang.String,java.lang.String" uniqueid="[engine:junit-jupiter]/[class:Transport4Future.TokenManagement.TokenRequestTest]/[test-template:InvalidTestCases(java.lang.String, java.lang.String)]/[test-template-invocation:#25]"/>
      <testcase name="InvalidTestCases" classname="Transport4Future.TokenManagement.TokenRequestTest" time="0.003" dynamicTest="true" displayname="26 - {2}" parameters="java.lang.String,java.lang.String" uniqueid="[engine:junit-jupiter]/[class:Transport4Future.TokenManagement.TokenRequestTest]/[test-template:InvalidTestCases(java.lang.String, java.lang.String)]/[test-template-invocation:#26]"/>
      <testcase name="InvalidTestCases" classname="Transport4Future.TokenManagement.TokenRequestTest" time="0.004" dynamicTest="true" displayname="27 - {2}" parameters="java.lang.String,java.lang.String" uniqueid="[engine:junit-jupiter]/[class:Transport4Future.TokenManagement.TokenRequestTest]/[test-template:InvalidTestCases(java.lang.String, java.lang.String)]/[test-template-invocation:#27]"/>
      <testcase name="InvalidTestCases" classname="Transport4Future.TokenManagement.TokenRequestTest" time="0.003" dynamicTest="true" displayname="28 - {2}" parameters="java.lang.String,java.lang.String" uniqueid="[engine:junit-jupiter]/[class:Transport4Future.TokenManagement.TokenRequestTest]/[test-template:InvalidTestCases(java.lang.String, java.lang.String)]/[test-template-invocation:#28]"/>
      <testcase name="InvalidTestCases" classname="Transport4Future.TokenManagement.TokenRequestTest" time="0.03" dynamicTest="true" displayname="29 - {2}" parameters="java.lang.String,java.lang.String" uniqueid="[engine:junit-jupiter]/[class:Transport4Future.TokenManagement.TokenRequestTest]/[test-template:InvalidTestCases(java.lang.String, java.lang.String)]/[test-template-invocation:#29]"/>
      <testcase name="InvalidTestCases" classname="Transport4Future.TokenManagement.TokenRequestTest" time="0.003" dynamicTest="true" displayname="30 - {2}" parameters="java.lang.String,java.lang.String" uniqueid="[engine:junit-jupiter]/[class:Transport4Future.TokenManagement.TokenRequestTest]/[test-template:InvalidTestCases(java.lang.String, java.lang.String)]/[test-template-invocation:#30]"/>
      <testcase name="InvalidTestCases" classname="Transport4Future.TokenManagement.TokenRequestTest" time="0.005" dynamicTest="true" displayname="31 - {2}" parameters="java.lang.String,java.lang.String" uniqueid="[engine:junit-jupiter]/[class:Transport4Future.TokenManagement.TokenRequestTest]/[test-template:InvalidTestCases(java.lang.String, java.lang.String)]/[test-template-invocation:#31]"/>
      <testcase name="InvalidTestCases" classname="Transport4Future.TokenManagement.TokenRequestTest" time="0.01" dynamicTest="true" displayname="32 - {2}" parameters="java.lang.String,java.lang.String" uniqueid="[engine:junit-jupiter]/[class:Transport4Future.TokenManagement.TokenRequestTest]/[test-template:InvalidTestCases(java.lang.String, java.lang.String)]/[test-template-invocation:#32]"/>
      <testcase name="InvalidTestCases" classname="Transport4Future.TokenManagement.TokenRequestTest" time="0.003" dynamicTest="true" displayname="33 - {2}" parameters="java.lang.String,java.lang.String" uniqueid="[engine:junit-jupiter]/[class:Transport4Future.TokenManagement.TokenRequestTest]/[test-template:InvalidTestCases(java.lang.String, java.lang.String)]/[test-template-invocation:#33]"/>
      <testcase name="InvalidTestCases" classname="Transport4Future.TokenManagement.TokenRequestTest" time="0.003" dynamicTest="true" displayname="34 - {2}" parameters="java.lang.String,java.lang.String" uniqueid="[engine:junit-jupiter]/[class:Transport4Future.TokenManagement.TokenRequestTest]/[test-template:InvalidTestCases(java.lang.String, java.lang.String)]/[test-template-invocation:#34]"/>
      <testcase name="InvalidTestCases" classname="Transport4Future.TokenManagement.TokenRequestTest" time="0.003" dynamicTest="true" displayname="35 - {2}" parameters="java.lang.String,java.lang.String" uniqueid="[engine:junit-jupiter]/[class:Transport4Future.TokenManagement.TokenRequestTest]/[test-template:InvalidTestCases(java.lang.String, java.lang.String)]/[test-template-invocation:#35]"/>
      <testcase name="InvalidTestCases" classname="Transport4Future.TokenManagement.TokenRequestTest" time="0.003" dynamicTest="true" displayname="36 - {2}" parameters="java.lang.String,java.lang.String" uniqueid="[engine:junit-jupiter]/[class:Transport4Future.TokenManagement.TokenRequestTest]/[test-template:InvalidTestCases(java.lang.String, java.lang.String)]/[test-template-invocation:#36]"/>
      <testcase name="InvalidTestCases" classname="Transport4Future.TokenManagement.TokenRequestTest" time="0.003" dynamicTest="true" displayname="37 - {2}" parameters="java.lang.String,java.lang.String" uniqueid="[engine:junit-jupiter]/[class:Transport4Future.TokenManagement.TokenRequestTest]/[test-template:InvalidTestCases(java.lang.String, java.lang.String)]/[test-template-invocation:#37]"/>
      <testcase name="InvalidTestCases" classname="Transport4Future.TokenManagement.TokenRequestTest" time="0.002" dynamicTest="true" displayname="38 - {2}" parameters="java.lang.String,java.lang.String" uniqueid="[engine:junit-jupiter]/[class:Transport4Future.TokenManagement.TokenRequestTest]/[test-template:InvalidTestCases(java.lang.String, java.lang.String)]/[test-template-invocation:#38]"/>
      <testcase name="InvalidTestCases" classname="Transport4Future.TokenManagement.TokenRequestTest" time="0.002" dynamicTest="true" displayname="39 - {2}" parameters="java.lang.String,java.lang.String" uniqueid="[engine:junit-jupiter]/[class:Transport4Future.TokenManagement.TokenRequestTest]/[test-template:InvalidTestCases(java.lang.String, java.lang.String)]/[test-template-invocation:#39]"/>
      <testcase name="InvalidTestCases" classname="Transport4Future.TokenManagement.TokenRequestTest" time="0.002" dynamicTest="true" displayname="40 - {2}" parameters="java.lang.String,java.lang.String" uniqueid="[engine:junit-jupiter]/[class:Transport4Future.TokenManagement.TokenRequestTest]/[test-template:InvalidTestCases(java.lang.String, java.lang.String)]/[test-template-invocation:#40]"/>
      <testcase name="InvalidTestCases" classname="Transport4Future.TokenManagement.TokenRequestTest" time="0.001" dynamicTest="true" displayname="41 - {2}" parameters="java.lang.String,java.lang.String" uniqueid="[engine:junit-jupiter]/[class:Transport4Future.TokenManagement.TokenRequestTest]/[test-template:InvalidTestCases(java.lang.String, java.lang.String)]/[test-template-invocation:#41]"/>
      <testcase name="InvalidTestCases" classname="Transport4Future.TokenManagement.TokenRequestTest" time="0.002" dynamicTest="true" displayname="42 - {2}" parameters="java.lang.String,java.lang.String" uniqueid="[engine:junit-jupiter]/[class:Transport4Future.TokenManagement.TokenRequestTest]/[test-template:InvalidTestCases(java.lang.String, java.lang.String)]/[test-template-invocation:#42]"/>
      <testcase name="InvalidTestCases" classname="Transport4Future.TokenManagement.TokenRequestTest" time="0.004" dynamicTest="true" displayname="43 - {2}" parameters="java.lang.String,java.lang.String" uniqueid="[engine:junit-jupiter]/[class:Transport4Future.TokenManagement.TokenRequestTest]/[test-template:InvalidTestCases(java.lang.String, java.lang.String)]/[test-template-invocation:#43]"/>
      <testcase name="InvalidTestCases" classname="Transport4Future.TokenManagement.TokenRequestTest" time="0.019" dynamicTest="true" displayname="44 - {2}" parameters="java.lang.String,java.lang.String" uniqueid="[engine:junit-jupiter]/[class:Transport4Future.TokenManagement.TokenRequestTest]/[test-template:InvalidTestCases(java.lang.String, java.lang.String)]/[test-template-invocation:#44]"/>
      <testcase name="InvalidTestCases" classname="Transport4Future.TokenManagement.TokenRequestTest" time="0.002" dynamicTest="true" displayname="45 - {2}" parameters="java.lang.String,java.lang.String" uniqueid="[engine:junit-jupiter]/[class:Transport4Future.TokenManagement.TokenRequestTest]/[test-template:InvalidTestCases(java.lang.String, java.lang.String)]/[test-template-invocation:#45]"/>
      <testcase name="InvalidTestCases" classname="Transport4Future.TokenManagement.TokenRequestTest" time="0.004" dynamicTest="true" displayname="46 - {2}" parameters="java.lang.String,java.lang.String" uniqueid="[engine:junit-jupiter]/[class:Transport4Future.TokenManagement.TokenRequestTest]/[test-template:InvalidTestCases(java.lang.String, java.lang.String)]/[test-template-invocation:#46]"/>
      <testcase name="InvalidTestCases" classname="Transport4Future.TokenManagement.TokenRequestTest" time="0.002" dynamicTest="true" displayname="47 - {2}" parameters="java.lang.String,java.lang.String" uniqueid="[engine:junit-jupiter]/[class:Transport4Future.TokenManagement.TokenRequestTest]/[test-template:InvalidTestCases(java.lang.String, java.lang.String)]/[test-template-invocation:#47]"/>
      <testcase name="InvalidTestCases" classname="Transport4Future.TokenManagement.TokenRequestTest" time="0.003" dynamicTest="true" displayname="48 - {2}" parameters="java.lang.String,java.lang.String" uniqueid="[engine:junit-jupiter]/[class:Transport4Future.TokenManagement.TokenRequestTest]/[test-template:InvalidTestCases(java.lang.String, java.lang.String)]/[test-template-invocation:#48]"/>
      <testcase name="InvalidTestCases" classname="Transport4Future.TokenManagement.TokenRequestTest" time="0.005" dynamicTest="true" displayname="49 - {2}" parameters="java.lang.String,java.lang.String" uniqueid="[engine:junit-jupiter]/[class:Transport4Future.TokenManagement.TokenRequestTest]/[test-template:InvalidTestCases(java.lang.String, java.lang.String)]/[test-template-invocation:#49]"/>
      <testcase name="InvalidTestCases" classname="Transport4Future.TokenManagement.TokenRequestTest" time="0.009" dynamicTest="true" displayname="50 - {2}" parameters="java.lang.String,java.lang.String" uniqueid="[engine:junit-jupiter]/[class:Transport4Future.TokenManagement.TokenRequestTest]/[test-template:InvalidTestCases(java.lang.String, java.lang.String)]/[test-template-invocation:#50]"/>
      <testcase name="InvalidTestCases" classname="Transport4Future.TokenManagement.TokenRequestTest" time="0.008" dynamicTest="true" displayname="51 - {2}" parameters="java.lang.String,java.lang.String" uniqueid="[engine:junit-jupiter]/[class:Transport4Future.TokenManagement.TokenRequestTest]/[test-template:InvalidTestCases(java.lang.String, java.lang.String)]/[test-template-invocation:#51]"/>
      <testcase name="InvalidTestCases" classname="Transport4Future.TokenManagement.TokenRequestTest" time="0.004" dynamicTest="true" displayname="52 - {2}" parameters="java.lang.String,java.lang.String" uniqueid="[engine:junit-jupiter]/[class:Transport4Future.TokenManagement.TokenRequestTest]/[test-template:InvalidTestCases(java.lang.String, java.lang.String)]/[test-template-invocation:#52]"/>
      <testcase name="InvalidTestCases" classname="Transport4Future.TokenManagement.TokenRequestTest" time="0.003" dynamicTest="true" displayname="53 - {2}" parameters="java.lang.String,java.lang.String" uniqueid="[engine:junit-jupiter]/[class:Transport4Future.TokenManagement.TokenRequestTest]/[test-template:InvalidTestCases(java.lang.String, java.lang.String)]/[test-template-invocation:#53]"/>
      <testcase name="InvalidTestCases" classname="Transport4Future.TokenManagement.TokenRequestTest" time="0.005" dynamicTest="true" displayname="54 - {2}" parameters="java.lang.String,java.lang.String" uniqueid="[engine:junit-jupiter]/[class:Transport4Future.TokenManagement.TokenRequestTest]/[test-template:InvalidTestCases(java.lang.String, java.lang.String)]/[test-template-invocation:#54]"/>
      <testcase name="InvalidTestCases" classname="Transport4Future.TokenManagement.TokenRequestTest" time="0.005" dynamicTest="true" displayname="55 - {2}" parameters="java.lang.String,java.lang.String" uniqueid="[engine:junit-jupiter]/[class:Transport4Future.TokenManagement.TokenRequestTest]/[test-template:InvalidTestCases(java.lang.String, java.lang.String)]/[test-template-invocation:#55]"/>
      <testcase name="InvalidTestCases" classname="Transport4Future.TokenManagement.TokenRequestTest" time="0.005" dynamicTest="true" displayname="56 - {2}" parameters="java.lang.String,java.lang.String" uniqueid="[engine:junit-jupiter]/[class:Transport4Future.TokenManagement.TokenRequestTest]/[test-template:InvalidTestCases(java.lang.String, java.lang.String)]/[test-template-invocation:#56]"/>
      <testcase name="InvalidTestCases" classname="Transport4Future.TokenManagement.TokenRequestTest" time="0.003" dynamicTest="true" displayname="57 - {2}" parameters="java.lang.String,java.lang.String" uniqueid="[engine:junit-jupiter]/[class:Transport4Future.TokenManagement.TokenRequestTest]/[test-template:InvalidTestCases(java.lang.String, java.lang.String)]/[test-template-invocation:#57]"/>
      <testcase name="InvalidTestCases" classname="Transport4Future.TokenManagement.TokenRequestTest" time="0.004" dynamicTest="true" displayname="58 - {2}" parameters="java.lang.String,java.lang.String" uniqueid="[engine:junit-jupiter]/[class:Transport4Future.TokenManagement.TokenRequestTest]/[test-template:InvalidTestCases(java.lang.String, java.lang.String)]/[test-template-invocation:#58]"/>
      <testcase name="InvalidTestCases" classname="Transport4Future.TokenManagement.TokenRequestTest" time="0.011" dynamicTest="true" displayname="59 - {2}" parameters="java.lang.String,java.lang.String" uniqueid="[engine:junit-jupiter]/[class:Transport4Future.TokenManagement.TokenRequestTest]/[test-template:InvalidTestCases(java.lang.String, java.lang.String)]/[test-template-invocation:#59]"/>
      <testcase name="InvalidTestCases" classname="Transport4Future.TokenManagement.TokenRequestTest" time="0.004" dynamicTest="true" displayname="60 - {2}" parameters="java.lang.String,java.lang.String" uniqueid="[engine:junit-jupiter]/[class:Transport4Future.TokenManagement.TokenRequestTest]/[test-template:InvalidTestCases(java.lang.String, java.lang.String)]/[test-template-invocation:#60]"/>
      <testcase name="InvalidTestCases" classname="Transport4Future.TokenManagement.TokenRequestTest" time="0.002" dynamicTest="true" displayname="61 - {2}" parameters="java.lang.String,java.lang.String" uniqueid="[engine:junit-jupiter]/[class:Transport4Future.TokenManagement.TokenRequestTest]/[test-template:InvalidTestCases(java.lang.String, java.lang.String)]/[test-template-invocation:#61]"/>
      <testcase name="InvalidTestCases" classname="Transport4Future.TokenManagement.TokenRequestTest" time="0.003" dynamicTest="true" displayname="62 - {2}" parameters="java.lang.String,java.lang.String" uniqueid="[engine:junit-jupiter]/[class:Transport4Future.TokenManagement.TokenRequestTest]/[test-template:InvalidTestCases(java.lang.String, java.lang.String)]/[test-template-invocation:#62]"/>
      <testcase name="InvalidTestCases" classname="Transport4Future.TokenManagement.TokenRequestTest" time="0.002" dynamicTest="true" displayname="63 - {2}" parameters="java.lang.String,java.lang.String" uniqueid="[engine:junit-jupiter]/[class:Transport4Future.TokenManagement.TokenRequestTest]/[test-template:InvalidTestCases(java.lang.String, java.lang.String)]/[test-template-invocation:#63]"/>
      <testcase name="InvalidTestCases" classname="Transport4Future.TokenManagement.TokenRequestTest" time="0.002" dynamicTest="true" displayname="64 - {2}" parameters="java.lang.String,java.lang.String" uniqueid="[engine:junit-jupiter]/[class:Transport4Future.TokenManagement.TokenRequestTest]/[test-template:InvalidTestCases(java.lang.String, java.lang.String)]/[test-template-invocation:#64]"/>
      <testcase name="InvalidTestCases" classname="Transport4Future.TokenManagement.TokenRequestTest" time="0.009" dynamicTest="true" displayname="65 - {2}" parameters="java.lang.String,java.lang.String" uniqueid="[engine:junit-jupiter]/[class:Transport4Future.TokenManagement.TokenRequestTest]/[test-template:InvalidTestCases(java.lang.String, java.lang.String)]/[test-template-invocation:#65]"/>
      <testcase name="InvalidTestCases" classname="Transport4Future.TokenManagement.TokenRequestTest" time="0.004" dynamicTest="true" displayname="66 - {2}" parameters="java.lang.String,java.lang.String" uniqueid="[engine:junit-jupiter]/[class:Transport4Future.TokenManagement.TokenRequestTest]/[test-template:InvalidTestCases(java.lang.String, java.lang.String)]/[test-template-invocation:#66]"/>
      <testcase name="InvalidTestCases" classname="Transport4Future.TokenManagement.TokenRequestTest" time="0.003" dynamicTest="true" displayname="67 - {2}" parameters="java.lang.String,java.lang.String" uniqueid="[engine:junit-jupiter]/[class:Transport4Future.TokenManagement.TokenRequestTest]/[test-template:InvalidTestCases(java.lang.String, java.lang.String)]/[test-template-invocation:#67]"/>
      <testcase name="InvalidTestCases" classname="Transport4Future.TokenManagement.TokenRequestTest" time="0.007" dynamicTest="true" displayname="68 - {2}" parameters="java.lang.String,java.lang.String" uniqueid="[engine:junit-jupiter]/[class:Transport4Future.TokenManagement.TokenRequestTest]/[test-template:InvalidTestCases(java.lang.String, java.lang.String)]/[test-template-invocation:#68]"/>
      <testcase name="InvalidTestCases" classname="Transport4Future.TokenManagement.TokenRequestTest" time="0.011" dynamicTest="true" displayname="69 - {2}" parameters="java.lang.String,java.lang.String" uniqueid="[engine:junit-jupiter]/[class:Transport4Future.TokenManagement.TokenRequestTest]/[test-template:InvalidTestCases(java.lang.String, java.lang.String)]/[test-template-invocation:#69]"/>
    </testsuite>
  </testsuite>
  <testsuite name="Transport4Future.TokenManagement.ExecutionTest" time="0.203" displayname="ExecutionTest" uniqueid="[engine:junit-jupiter]/[class:Transport4Future.TokenManagement.ExecutionTest]">
    <testcase name="FA_EXEC_01" classname="Transport4Future.TokenManagement.ExecutionTest" time="0.005" displayname="FA_EXEC_01()" uniqueid="[engine:junit-jupiter]/[class:Transport4Future.TokenManagement.ExecutionTest]/[method:FA_EXEC_01()]"/>
    <testcase name="FA_EXEC_02" classname="Transport4Future.TokenManagement.ExecutionTest" time="0.007" displayname="FA_EXEC_02()" uniqueid="[engine:junit-jupiter]/[class:Transport4Future.TokenManagement.ExecutionTest]/[method:FA_EXEC_02()]"/>
    <testcase name="FA_EXEC_03" classname="Transport4Future.TokenManagement.ExecutionTest" time="0.002" displayname="FA_EXEC_03()" uniqueid="[engine:junit-jupiter]/[class:Transport4Future.TokenManagement.ExecutionTest]/[method:FA_EXEC_03()]"/>
    <testcase name="FA_EXEC_04" classname="Transport4Future.TokenManagement.ExecutionTest" time="0.001" displayname="FA_EXEC_04()" uniqueid="[engine:junit-jupiter]/[class:Transport4Future.TokenManagement.ExecutionTest]/[method:FA_EXEC_04()]"/>
    <testcase name="FA_EXEC_05" classname="Transport4Future.TokenManagement.ExecutionTest" time="0.001" displayname="FA_EXEC_05()" uniqueid="[engine:junit-jupiter]/[class:Transport4Future.TokenManagement.ExecutionTest]/[method:FA_EXEC_05()]"/>
    <testcase name="FA_EXEC_06" classname="Transport4Future.TokenManagement.ExecutionTest" time="0.001" displayname="FA_EXEC_06()" uniqueid="[engine:junit-jupiter]/[class:Transport4Future.TokenManagement.ExecutionTest]/[method:FA_EXEC_06()]"/>
    <testcase name="FA_EXEC_07" classname="Transport4Future.TokenManagement.ExecutionTest" time="0.001" displayname="FA_EXEC_07()" uniqueid="[engine:junit-jupiter]/[class:Transport4Future.TokenManagement.ExecutionTest]/[method:FA_EXEC_07()]"/>
    <testcase name="FA_EXEC_08" classname="Transport4Future.TokenManagement.ExecutionTest" time="0.002" displayname="FA_EXEC_08()" uniqueid="[engine:junit-jupiter]/[class:Transport4Future.TokenManagement.ExecutionTest]/[method:FA_EXEC_08()]"/>
    <testcase name="FA_EXEC_09" classname="Transport4Future.TokenManagement.ExecutionTest" time="0.004" displayname="FA_EXEC_09()" uniqueid="[engine:junit-jupiter]/[class:Transport4Future.TokenManagement.ExecutionTest]/[method:FA_EXEC_09()]"/>
    <testcase name="FA_EXEC_10" classname="Transport4Future.TokenManagement.ExecutionTest" time="0.002" displayname="FA_EXEC_10()" uniqueid="[engine:junit-jupiter]/[class:Transport4Future.TokenManagement.ExecutionTest]/[method:FA_EXEC_10()]"/>
    <testcase name="FA_EXEC_11" classname="Transport4Future.TokenManagement.ExecutionTest" time="0.002" displayname="FA_EXEC_11()" uniqueid="[engine:junit-jupiter]/[class:Transport4Future.TokenManagement.ExecutionTest]/[method:FA_EXEC_11()]"/>
    <testcase name="FA_EXEC_12" classname="Transport4Future.TokenManagement.ExecutionTest" time="0.002" displayname="FA_EXEC_12()" uniqueid="[engine:junit-jupiter]/[class:Transport4Future.TokenManagement.ExecutionTest]/[method:FA_EXEC_12()]"/>
    <testcase name="FA_EXEC_13" classname="Transport4Future.TokenManagement.ExecutionTest" time="0.002" displayname="FA_EXEC_13()" uniqueid="[engine:junit-jupiter]/[class:Transport4Future.TokenManagement.ExecutionTest]/[method:FA_EXEC_13()]"/>
    <testcase name="FA_EXEC_14" classname="Transport4Future.TokenManagement.ExecutionTest" time="0.001" displayname="FA_EXEC_14()" uniqueid="[engine:junit-jupiter]/[class:Transport4Future.TokenManagement.ExecutionTest]/[method:FA_EXEC_14()]"/>
    <testcase name="FA_EXEC_15" classname="Transport4Future.TokenManagement.ExecutionTest" time="0.002" displayname="FA_EXEC_15()" uniqueid="[engine:junit-jupiter]/[class:Transport4Future.TokenManagement.ExecutionTest]/[method:FA_EXEC_15()]"/>
    <testcase name="FA_EXEC_16" classname="Transport4Future.TokenManagement.ExecutionTest" time="0.002" displayname="FA_EXEC_16()" uniqueid="[engine:junit-jupiter]/[class:Transport4Future.TokenManagement.ExecutionTest]/[method:FA_EXEC_16()]"/>
    <testcase name="FA_EXEC_17" classname="Transport4Future.TokenManagement.ExecutionTest" time="0.003" displayname="FA_EXEC_17()" uniqueid="[engine:junit-jupiter]/[class:Transport4Future.TokenManagement.ExecutionTest]/[method:FA_EXEC_17()]"/>
    <testcase name="FA_EXEC_18" classname="Transport4Future.TokenManagement.ExecutionTest" time="0.002" displayname="FA_EXEC_18()" uniqueid="[engine:junit-jupiter]/[class:Transport4Future.TokenManagement.ExecutionTest]/[method:FA_EXEC_18()]"/>
    <testcase name="FA_EXEC_19" classname="Transport4Future.TokenManagement.ExecutionTest" time="0.001" displayname="FA_EXEC_19()" uniqueid="[engine:junit-jupiter]/[class:Transport4Future.TokenManagement.ExecutionTest]/[method:FA_EXEC_19()]"/>
    <testcase name="FA_EXEC_20" classname="Transport4Future.TokenManagement.ExecutionTest" time="0.002" displayname="FA_EXEC_20()" uniqueid="[engine:junit-jupiter]/[class:Transport4Future.TokenManagement.ExecutionTest]/[method:FA_EXEC_20()]"/>
    <testcase name="FA_EXEC_21" classname="Transport4Future.TokenManagement.ExecutionTest" time="0.003" displayname="FA_EXEC_21()" uniqueid="[engine:junit-jupiter]/[class:Transport4Future.TokenManagement.ExecutionTest]/[method:FA_EXEC_21()]"/>
    <testcase name="FA_EXEC_22" classname="Transport4Future.TokenManagement.ExecutionTest" time="0.001" displayname="FA_EXEC_22()" uniqueid="[engine:junit-jupiter]/[class:Transport4Future.TokenManagement.ExecutionTest]/[method:FA_EXEC_22()]"/>
    <testcase name="FA_EXEC_23" classname="Transport4Future.TokenManagement.ExecutionTest" time="0.002" displayname="FA_EXEC_23()" uniqueid="[engine:junit-jupiter]/[class:Transport4Future.TokenManagement.ExecutionTest]/[method:FA_EXEC_23()]"/>
    <testcase name="FA_EXEC_24" classname="Transport4Future.TokenManagement.ExecutionTest" time="0.002" displayname="FA_EXEC_24()" uniqueid="[engine:junit-jupiter]/[class:Transport4Future.TokenManagement.ExecutionTest]/[method:FA_EXEC_24()]"/>
    <testcase name="FA_EXEC_25" classname="Transport4Future.TokenManagement.ExecutionTest" time="0.002" displayname="FA_EXEC_25()" uniqueid="[engine:junit-jupiter]/[class:Transport4Future.TokenManagement.ExecutionTest]/[method:FA_EXEC_25()]"/>
    <testcase name="FA_EXEC_26" classname="Transport4Future.TokenManagement.ExecutionTest" time="0.002" displayname="FA_EXEC_26()" uniqueid="[engine:junit-jupiter]/[class:Transport4Future.TokenManagement.ExecutionTest]/[method:FA_EXEC_26()]"/>
    <testcase name="FA_EXEC_27" classname="Transport4Future.TokenManagement.ExecutionTest" time="0.003" displayname="FA_EXEC_27()" uniqueid="[engine:junit-jupiter]/[class:Transport4Future.TokenManagement.ExecutionTest]/[method:FA_EXEC_27()]"/>
    <testcase name="FA_EXEC_28" classname="Transport4Future.TokenManagement.ExecutionTest" time="0.002" displayname="FA_EXEC_28()" uniqueid="[engine:junit-jupiter]/[class:Transport4Future.TokenManagement.ExecutionTest]/[method:FA_EXEC_28()]"/>
    <testcase name="FA_EXEC_29" classname="Transport4Future.TokenManagement.ExecutionTest" time="0.001" displayname="FA_EXEC_29()" uniqueid="[engine:junit-jupiter]/[class:Transport4Future.TokenManagement.ExecutionTest]/[method:FA_EXEC_29()]"/>
    <testcase name="FA_EXEC_30" classname="Transport4Future.TokenManagement.ExecutionTest" time="0.002" displayname="FA_EXEC_30()" uniqueid="[engine:junit-jupiter]/[class:Transport4Future.TokenManagement.ExecutionTest]/[method:FA_EXEC_30()]"/>
    <testcase name="FA_EXEC_31" classname="Transport4Future.TokenManagement.ExecutionTest" time="0.002" displayname="FA_EXEC_31()" uniqueid="[engine:junit-jupiter]/[class:Transport4Future.TokenManagement.ExecutionTest]/[method:FA_EXEC_31()]"/>
    <testcase name="FA_EXEC_32" classname="Transport4Future.TokenManagement.ExecutionTest" time="0.002" displayname="FA_EXEC_32()" uniqueid="[engine:junit-jupiter]/[class:Transport4Future.TokenManagement.ExecutionTest]/[method:FA_EXEC_32()]"/>
    <testcase name="FA_EXEC_33" classname="Transport4Future.TokenManagement.ExecutionTest" time="0.002" displayname="FA_EXEC_33()" uniqueid="[engine:junit-jupiter]/[class:Transport4Future.TokenManagement.ExecutionTest]/[method:FA_EXEC_33()]"/>
    <testcase name="FA_EXEC_34" classname="Transport4Future.TokenManagement.ExecutionTest" time="0.002" displayname="FA_EXEC_34()" uniqueid="[engine:junit-jupiter]/[class:Transport4Future.TokenManagement.ExecutionTest]/[method:FA_EXEC_34()]"/>
    <testcase name="FA_EXEC_35" classname="Transport4Future.TokenManagement.ExecutionTest" time="0.002" displayname="FA_EXEC_35()" uniqueid="[engine:junit-jupiter]/[class:Transport4Future.TokenManagement.ExecutionTest]/[method:FA_EXEC_35()]"/>
    <testcase name="FA_EXEC_36" classname="Transport4Future.TokenManagement.ExecutionTest" time="0.002" displayname="FA_EXEC_36()" uniqueid="[engine:junit-jupiter]/[class:Transport4Future.TokenManagement.ExecutionTest]/[method:FA_EXEC_36()]"/>
    <testcase name="FA_EXEC_37" classname="Transport4Future.TokenManagement.ExecutionTest" time="0.002" displayname="FA_EXEC_37()" uniqueid="[engine:junit-jupiter]/[class:Transport4Future.TokenManagement.ExecutionTest]/[method:FA_EXEC_37()]"/>
    <testcase name="FA_EXEC_38" classname="Transport4Future.TokenManagement.ExecutionTest" time="0.002" displayname="FA_EXEC_38()" uniqueid="[engine:junit-jupiter]/[class:Transport4Future.TokenManagement.ExecutionTest]/[method:FA_EXEC_38()]"/>
    <testcase name="FA_EXEC_39" classname="Transport4Future.TokenManagement.ExecutionTest" time="0.001" displayname="FA_EXEC_39()" uniqueid="[engine:junit-jupiter]/[class:Transport4Future.TokenManagement.ExecutionTest]/[method:FA_EXEC_39()]"/>
    <testcase name="FA_EXEC_40" classname="Transport4Future.TokenManagement.ExecutionTest" time="0.003" displayname="FA_EXEC_40()" uniqueid="[engine:junit-jupiter]/[class:Transport4Future.TokenManagement.ExecutionTest]/[method:FA_EXEC_40()]"/>
    <testcase name="FA_EXEC_41" classname="Transport4Future.TokenManagement.ExecutionTest" time="0.002" displayname="FA_EXEC_41()" uniqueid="[engine:junit-jupiter]/[class:Transport4Future.TokenManagement.ExecutionTest]/[method:FA_EXEC_41()]"/>
    <testcase name="FA_EXEC_42" classname="Transport4Future.TokenManagement.ExecutionTest" time="0.002" displayname="FA_EXEC_42()" uniqueid="[engine:junit-jupiter]/[class:Transport4Future.TokenManagement.ExecutionTest]/[method:FA_EXEC_42()]"/>
    <testcase name="FA_EXEC_43" classname="Transport4Future.TokenManagement.ExecutionTest" time="0.002" displayname="FA_EXEC_43()" uniqueid="[engine:junit-jupiter]/[class:Transport4Future.TokenManagement.ExecutionTest]/[method:FA_EXEC_43()]"/>
    <testcase name="FA_EXEC_44" classname="Transport4Future.TokenManagement.ExecutionTest" time="0.004" displayname="FA_EXEC_44()" uniqueid="[engine:junit-jupiter]/[class:Transport4Future.TokenManagement.ExecutionTest]/[method:FA_EXEC_44()]"/>
    <testcase name="FA_EXEC_45" classname="Transport4Future.TokenManagement.ExecutionTest" time="0.002" displayname="FA_EXEC_45()" uniqueid="[engine:junit-jupiter]/[class:Transport4Future.TokenManagement.ExecutionTest]/[method:FA_EXEC_45()]"/>
    <testcase name="FA_EXEC_46" classname="Transport4Future.TokenManagement.ExecutionTest" time="0.002" displayname="FA_EXEC_46()" uniqueid="[engine:junit-jupiter]/[class:Transport4Future.TokenManagement.ExecutionTest]/[method:FA_EXEC_46()]"/>
    <testcase name="FA_EXEC_47" classname="Transport4Future.TokenManagement.ExecutionTest" time="0.002" displayname="FA_EXEC_47()" uniqueid="[engine:junit-jupiter]/[class:Transport4Future.TokenManagement.ExecutionTest]/[method:FA_EXEC_47()]"/>
    <testcase name="FA_EXEC_48" classname="Transport4Future.TokenManagement.ExecutionTest" time="0.001" displayname="FA_EXEC_48()" uniqueid="[engine:junit-jupiter]/[class:Transport4Future.TokenManagement.ExecutionTest]/[method:FA_EXEC_48()]"/>
    <testcase name="FA_EXEC_49" classname="Transport4Future.TokenManagement.ExecutionTest" time="0.002" displayname="FA_EXEC_49()" uniqueid="[engine:junit-jupiter]/[class:Transport4Future.TokenManagement.ExecutionTest]/[method:FA_EXEC_49()]"/>
    <testcase name="FA_EXEC_50" classname="Transport4Future.TokenManagement.ExecutionTest" time="0.084" displayname="FA_EXEC_50()" uniqueid="[engine:junit-jupiter]/[class:Transport4Future.TokenManagement.ExecutionTest]/[method:FA_EXEC_50()]"/>
    <testcase name="FA_EXEC_SEMANTICS_01" classname="Transport4Future.TokenManagement.ExecutionTest" time="0.001" displayname="FA_EXEC_SEMANTICS_01()" uniqueid="[engine:junit-jupiter]/[class:Transport4Future.TokenManagement.ExecutionTest]/[method:FA_EXEC_SEMANTICS_01()]"/>
    <testcase name="FA_EXEC_SEMANTICS_02" classname="Transport4Future.TokenManagement.ExecutionTest" time="0.004" displayname="FA_EXEC_SEMANTICS_02()" uniqueid="[engine:junit-jupiter]/[class:Transport4Future.TokenManagement.ExecutionTest]/[method:FA_EXEC_SEMANTICS_02()]"/>
    <testcase name="FA_EXEC_SEMANTICS_03" classname="Transport4Future.TokenManagement.ExecutionTest" time="0.002" displayname="FA_EXEC_SEMANTICS_03()" uniqueid="[engine:junit-jupiter]/[class:Transport4Future.TokenManagement.ExecutionTest]/[method:FA_EXEC_SEMANTICS_03()]"/>
    <testcase name="FA_EXEC_SEMANTICS_04" classname="Transport4Future.TokenManagement.ExecutionTest" time="0.006" displayname="FA_EXEC_SEMANTICS_04()" uniqueid="[engine:junit-jupiter]/[class:Transport4Future.TokenManagement.ExecutionTest]/[method:FA_EXEC_SEMANTICS_04()]"/>
  </testsuite>
  <testsuite name="Transport4Future.TokenManagement.ExecuteActionStructural" time="0.193" displayname="ExecuteActionStructural" uniqueid="[engine:junit-jupiter]/[class:Transport4Future.TokenManagement.ExecuteActionStructural]">
    <testcase name="FA_EXEC_STRUCTURAL_01" classname="Transport4Future.TokenManagement.ExecuteActionStructural" time="0.002" displayname="FA_EXEC_STRUCTURAL_01()" uniqueid="[engine:junit-jupiter]/[class:Transport4Future.TokenManagement.ExecuteActionStructural]/[method:FA_EXEC_STRUCTURAL_01()]"/>
    <testcase name="FA_EXEC_STRUCTURAL_02" classname="Transport4Future.TokenManagement.ExecuteActionStructural" time="0.004" displayname="FA_EXEC_STRUCTURAL_02()" uniqueid="[engine:junit-jupiter]/[class:Transport4Future.TokenManagement.ExecuteActionStructural]/[method:FA_EXEC_STRUCTURAL_02()]"/>
    <testcase name="FA_EXEC_STRUCTURAL_03" classname="Transport4Future.TokenManagement.ExecuteActionStructural" time="0.035" displayname="FA_EXEC_STRUCTURAL_03()" uniqueid="[engine:junit-jupiter]/[class:Transport4Future.TokenManagement.ExecuteActionStructural]/[method:FA_EXEC_STRUCTURAL_03()]"/>
    <testcase name="FA_EXEC_STRUCTURAL_04" classname="Transport4Future.TokenManagement.ExecuteActionStructural" time="0.026" displayname="FA_EXEC_STRUCTURAL_04()" uniqueid="[engine:junit-jupiter]/[class:Transport4Future.TokenManagement.ExecuteActionStructural]/[method:FA_EXEC_STRUCTURAL_04()]"/>
    <testcase name="FA_EXEC_STRUCTURAL_05" classname="Transport4Future.TokenManagement.ExecuteActionStructural" time="0.056" displayname="FA_EXEC_STRUCTURAL_05()" uniqueid="[engine:junit-jupiter]/[class:Transport4Future.TokenManagement.ExecuteActionStructural]/[method:FA_EXEC_STRUCTURAL_05()]"/>
    <testcase name="FA_EXEC_STRUCTURAL_06" classname="Transport4Future.TokenManagement.ExecuteActionStructural" time="0.07" displayname="FA_EXEC_STRUCTURAL_06()" uniqueid="[engine:junit-jupiter]/[class:Transport4Future.TokenManagement.ExecuteActionStructural]/[method:FA_EXEC_STRUCTURAL_06()]"/>
  </testsuite>
</testrun>
